=== Log Initialized at 2025-06-20 19:47:42.922 ===
[2025-06-20 19:47:42.952][INFO][Thread-1] Application starting
[2025-06-20 19:47:43.017][WARN][Thread-1] Configuration not optimized
[2025-06-20 19:47:43.031][INFO][Thread-43] Task 5 started
[2025-06-20 19:47:43.031][INFO][Thread-39] Task 1 started
[2025-06-20 19:47:43.031][INFO][Thread-41] Task 3 started
[2025-06-20 19:47:43.030][INFO][Thread-38] Task 0 started
[2025-06-20 19:47:43.031][INFO][Thread-45] Task 7 started
[2025-06-20 19:47:43.032][INFO][Thread-46] Task 8 started
[2025-06-20 19:47:43.031][INFO][Thread-42] Task 4 started
[2025-06-20 19:47:43.031][INFO][Thread-44] Task 6 started
[2025-06-20 19:47:43.031][INFO][Thread-40] Task 2 started
[2025-06-20 19:47:43.032][INFO][Thread-47] Task 9 started
[2025-06-20 19:47:43.097][WARN][Thread-42] Task 4 experienced delay
[2025-06-20 19:47:43.097][INFO][Thread-44] Task 6 completed
[2025-06-20 19:47:43.096][WARN][Thread-38] Task 0 experienced delay
[2025-06-20 19:47:43.097][INFO][Thread-40] Task 2 completed
[2025-06-20 19:47:43.096][INFO][Thread-47] Task 9 completed
[2025-06-20 19:47:43.096][INFO][Thread-43] Task 5 completed
[2025-06-20 19:47:43.097][INFO][Thread-39] Task 1 completed
[2025-06-20 19:47:43.096][INFO][Thread-45] Task 7 completed
[2025-06-20 19:47:43.097][INFO][Thread-41] Task 3 completed
[2025-06-20 19:47:43.097][WARN][Thread-46] Task 8 experienced delay
[2025-06-20 19:47:43.098][INFO][Thread-44] Task 10 started
[2025-06-20 19:47:43.099][INFO][Thread-42] Task 4 completed
[2025-06-20 19:47:43.099][INFO][Thread-38] Task 0 completed
[2025-06-20 19:47:43.099][INFO][Thread-39] Task 11 started
[2025-06-20 19:47:43.099][INFO][Thread-45] Task 12 started
[2025-06-20 19:47:43.099][INFO][Thread-40] Task 13 started
[2025-06-20 19:47:43.100][INFO][Thread-47] Task 15 started
[2025-06-20 19:47:43.099][INFO][Thread-43] Task 14 started
[2025-06-20 19:47:43.100][INFO][Thread-41] Task 16 started
[2025-06-20 19:47:43.100][INFO][Thread-46] Task 8 completed
[2025-06-20 19:47:43.101][INFO][Thread-42] Task 17 started
[2025-06-20 19:47:43.101][INFO][Thread-38] Task 18 started
[2025-06-20 19:47:43.102][INFO][Thread-46] Task 19 started
[2025-06-20 19:47:43.158][WARN][Thread-41] Task 16 experienced delay
[2025-06-20 19:47:43.158][INFO][Thread-42] Task 17 completed
[2025-06-20 19:47:43.158][WARN][Thread-45] Task 12 experienced delay
[2025-06-20 19:47:43.158][INFO][Thread-40] Task 13 completed
[2025-06-20 19:47:43.158][INFO][Thread-44] Task 10 completed
[2025-06-20 19:47:43.158][INFO][Thread-43] Task 14 completed
[2025-06-20 19:47:43.158][INFO][Thread-39] Task 11 completed
[2025-06-20 19:47:43.158][INFO][Thread-47] Task 15 completed
[2025-06-20 19:47:43.158][INFO][Thread-46] Task 19 completed
[2025-06-20 19:47:43.158][INFO][Thread-38] Task 18 completed
[2025-06-20 19:47:43.160][INFO][Thread-41] Task 16 completed
[2025-06-20 19:47:43.161][INFO][Thread-45] Task 12 completed
=== Log Initialized at 2025-06-20 19:50:07.459 ===
[2025-06-20 19:50:07.488][INFO][main] Application starting
[2025-06-20 19:50:07.492][WARN][main] Configuration not optimized
[2025-06-20 19:50:07.512][INFO][pool-1-thread-1] Task 0 started
[2025-06-20 19:50:07.512][INFO][pool-1-thread-2] Task 1 started
[2025-06-20 19:50:07.513][INFO][pool-1-thread-3] Task 2 started
[2025-06-20 19:50:07.514][INFO][pool-1-thread-4] Task 3 started
[2025-06-20 19:50:07.514][INFO][pool-1-thread-5] Task 4 started
[2025-06-20 19:50:07.515][INFO][pool-1-thread-6] Task 5 started
[2025-06-20 19:50:07.516][INFO][pool-1-thread-7] Task 6 started
[2025-06-20 19:50:07.517][INFO][pool-1-thread-8] Task 7 started
[2025-06-20 19:50:07.518][INFO][pool-1-thread-9] Task 8 started
[2025-06-20 19:50:07.519][INFO][pool-1-thread-10] Task 9 started
[2025-06-20 19:50:07.568][INFO][pool-1-thread-6] Task 5 completed
[2025-06-20 19:50:07.568][INFO][pool-1-thread-3] Task 2 completed
[2025-06-20 19:50:07.567][INFO][pool-1-thread-4] Task 3 completed
[2025-06-20 19:50:07.568][INFO][pool-1-thread-7] Task 6 completed
[2025-06-20 19:50:07.568][WARN][pool-1-thread-1] Task 0 experienced delay
[2025-06-20 19:50:07.568][WARN][pool-1-thread-5] Task 4 experienced delay
[2025-06-20 19:50:07.569][INFO][pool-1-thread-4] Task 12 started
[2025-06-20 19:50:07.569][INFO][pool-1-thread-7] Task 13 started
[2025-06-20 19:50:07.569][INFO][pool-1-thread-6] Task 10 started
[2025-06-20 19:50:07.569][INFO][pool-1-thread-3] Task 11 started
[2025-06-20 19:50:07.569][INFO][pool-1-thread-5] Task 4 completed
[2025-06-20 19:50:07.570][INFO][pool-1-thread-1] Task 0 completed
[2025-06-20 19:50:07.570][INFO][pool-1-thread-5] Task 14 started
[2025-06-20 19:50:07.571][INFO][pool-1-thread-10] Task 9 completed
[2025-06-20 19:50:07.571][WARN][pool-1-thread-9] Task 8 experienced delay
[2025-06-20 19:50:07.571][INFO][pool-1-thread-8] Task 7 completed
[2025-06-20 19:50:07.570][INFO][pool-1-thread-1] Task 15 started
[2025-06-20 19:50:07.571][INFO][pool-1-thread-8] Task 17 started
[2025-06-20 19:50:07.571][INFO][pool-1-thread-10] Task 16 started
[2025-06-20 19:50:07.571][INFO][pool-1-thread-9] Task 8 completed
[2025-06-20 19:50:07.573][INFO][pool-1-thread-9] Task 18 started
[2025-06-20 19:50:07.585][INFO][pool-1-thread-2] Task 1 completed
[2025-06-20 19:50:07.586][INFO][pool-1-thread-2] Task 19 started
[2025-06-20 19:50:07.620][INFO][pool-1-thread-6] Task 10 completed
[2025-06-20 19:50:07.620][WARN][pool-1-thread-4] Task 12 experienced delay
[2025-06-20 19:50:07.621][INFO][pool-1-thread-4] Task 12 completed
[2025-06-20 19:50:07.622][INFO][pool-1-thread-3] Task 11 completed
[2025-06-20 19:50:07.622][INFO][pool-1-thread-7] Task 13 completed
[2025-06-20 19:50:07.631][INFO][pool-1-thread-5] Task 14 completed
[2025-06-20 19:50:07.631][WARN][pool-1-thread-10] Task 16 experienced delay
[2025-06-20 19:50:07.631][INFO][pool-1-thread-9] Task 18 completed
[2025-06-20 19:50:07.631][INFO][pool-1-thread-8] Task 17 completed
[2025-06-20 19:50:07.631][INFO][pool-1-thread-1] Task 15 completed
[2025-06-20 19:50:07.632][INFO][pool-1-thread-10] Task 16 completed
[2025-06-20 19:50:07.646][INFO][pool-1-thread-2] Task 19 completed
